
01/06/2025 01:19:03 PM - Multi-dimensional arrays are not supported
01/06/2025 01:19:03 PM - Multi-dimensional arrays are not supported
01/06/2025 05:03:33 PM - Multi-dimensional arrays are not supported
01/06/2025 05:03:33 PM - Multi-dimensional arrays are not supported
01/06/2025 08:55:09 PM - Error 1737 in Stringify.stringify() at line 29 - Last Message() ADD is a method, event, or object.
01/06/2025 08:55:09 PM - Error 1737 in Stringify.stringify() at line 29 - Last Message() ADDPROPERTY is a method, event, or object.
01/06/2025 08:55:09 PM - Error 1737 in Stringify.stringify() at line 29 - Last Message() DESTROY is a method, event, or object.
01/06/2025 08:55:09 PM - Error 1737 in Stringify.stringify() at line 29 - Last Message() ERROR is a method, event, or object.
01/06/2025 08:55:09 PM - Error 1737 in Stringify.stringify() at line 29 - Last Message() GETKEY is a method, event, or object.
01/06/2025 08:55:09 PM - Error 1737 in Stringify.stringify() at line 29 - Last Message() INIT is a method, event, or object.
01/06/2025 08:55:09 PM - Error 1737 in Stringify.stringify() at line 29 - Last Message() ITEM is a method, event, or object.
01/06/2025 08:55:09 PM - Error 1924 in Stringify.stringify() at line 29 - Last Message() PARENT is not an object.
01/06/2025 08:55:09 PM - Error 1737 in Stringify.stringify() at line 29 - Last Message() READEXPRESSION is a method, event, or object.
01/06/2025 08:55:09 PM - Error 1737 in Stringify.stringify() at line 29 - Last Message() READMETHOD is a method, event, or object.
01/06/2025 08:55:09 PM - Error 1737 in Stringify.stringify() at line 29 - Last Message() REMOVE is a method, event, or object.
01/06/2025 08:55:09 PM - Error 1737 in Stringify.stringify() at line 29 - Last Message() RESETTODEFAULT is a method, event, or object.
01/06/2025 08:55:09 PM - Error 1737 in Stringify.stringify() at line 29 - Last Message() SAVEASCLASS is a method, event, or object.
01/06/2025 08:55:09 PM - Error 1737 in Stringify.stringify() at line 29 - Last Message() WRITEEXPRESSION is a method, event, or object.
01/06/2025 08:55:09 PM - Error 1737 in Stringify.stringify() at line 29 - Last Message() WRITEMETHOD is a method, event, or object.
01/06/2025 08:55:09 PM - Multi-dimensional arrays are not supported
01/06/2025 08:55:09 PM - Multi-dimensional arrays are not supported
01/06/2025 08:55:09 PM - Error 1737 in Stringify.stringify() at line 29 - Last Message() ADD is a method, event, or object.
01/06/2025 08:55:09 PM - Error 1737 in Stringify.stringify() at line 29 - Last Message() ADDPROPERTY is a method, event, or object.
01/06/2025 08:55:09 PM - Error 1737 in Stringify.stringify() at line 29 - Last Message() DESTROY is a method, event, or object.
01/06/2025 08:55:09 PM - Error 1737 in Stringify.stringify() at line 29 - Last Message() ERROR is a method, event, or object.
01/06/2025 08:55:09 PM - Error 1737 in Stringify.stringify() at line 29 - Last Message() GETKEY is a method, event, or object.
01/06/2025 08:55:09 PM - Error 1737 in Stringify.stringify() at line 29 - Last Message() INIT is a method, event, or object.
01/06/2025 08:55:09 PM - Error 1737 in Stringify.stringify() at line 29 - Last Message() ITEM is a method, event, or object.
01/06/2025 08:55:09 PM - Error 1924 in Stringify.stringify() at line 29 - Last Message() PARENT is not an object.
01/06/2025 08:55:09 PM - Error 1737 in Stringify.stringify() at line 29 - Last Message() READEXPRESSION is a method, event, or object.
01/06/2025 08:55:09 PM - Error 1737 in Stringify.stringify() at line 29 - Last Message() READMETHOD is a method, event, or object.
01/06/2025 08:55:09 PM - Error 1737 in Stringify.stringify() at line 29 - Last Message() REMOVE is a method, event, or object.
01/06/2025 08:55:09 PM - Error 1737 in Stringify.stringify() at line 29 - Last Message() RESETTODEFAULT is a method, event, or object.
01/06/2025 08:55:09 PM - Error 1737 in Stringify.stringify() at line 29 - Last Message() SAVEASCLASS is a method, event, or object.
01/06/2025 08:55:09 PM - Error 1737 in Stringify.stringify() at line 29 - Last Message() WRITEEXPRESSION is a method, event, or object.
01/06/2025 08:55:09 PM - Error 1737 in Stringify.stringify() at line 29 - Last Message() WRITEMETHOD is a method, event, or object.
01/06/2025 08:55:09 PM - Error 1737 in Stringify.stringify() at line 29 - Last Message() ADD is a method, event, or object.
01/06/2025 08:55:09 PM - Error 1737 in Stringify.stringify() at line 29 - Last Message() ADDPROPERTY is a method, event, or object.
01/06/2025 08:55:09 PM - Error 1737 in Stringify.stringify() at line 29 - Last Message() DESTROY is a method, event, or object.
01/06/2025 08:55:09 PM - Error 1737 in Stringify.stringify() at line 29 - Last Message() ERROR is a method, event, or object.
01/06/2025 08:55:09 PM - Error 1737 in Stringify.stringify() at line 29 - Last Message() GETKEY is a method, event, or object.
01/06/2025 08:55:09 PM - Error 1737 in Stringify.stringify() at line 29 - Last Message() INIT is a method, event, or object.
01/06/2025 08:55:09 PM - Error 1737 in Stringify.stringify() at line 29 - Last Message() ITEM is a method, event, or object.
01/06/2025 08:55:09 PM - Error 1924 in Stringify.stringify() at line 29 - Last Message() PARENT is not an object.
01/06/2025 08:55:09 PM - Error 1737 in Stringify.stringify() at line 29 - Last Message() READEXPRESSION is a method, event, or object.
01/06/2025 08:55:09 PM - Error 1737 in Stringify.stringify() at line 29 - Last Message() READMETHOD is a method, event, or object.
01/06/2025 08:55:09 PM - Error 1737 in Stringify.stringify() at line 29 - Last Message() REMOVE is a method, event, or object.
01/06/2025 08:55:09 PM - Error 1737 in Stringify.stringify() at line 29 - Last Message() RESETTODEFAULT is a method, event, or object.
01/06/2025 08:55:09 PM - Error 1737 in Stringify.stringify() at line 29 - Last Message() SAVEASCLASS is a method, event, or object.
01/06/2025 08:55:09 PM - Error 1737 in Stringify.stringify() at line 29 - Last Message() WRITEEXPRESSION is a method, event, or object.
01/06/2025 08:55:09 PM - Error 1737 in Stringify.stringify() at line 29 - Last Message() WRITEMETHOD is a method, event, or object.
01/07/2025 05:54:42 PM - Error 1734 in Parser.parsejson() at line 43 - Last Message() Property RESETERROR is not found.
01/07/2025 05:54:42 PM - Error 12 in Parser.parsejson() at line 53 - Last Message() Variable 'UNICODE' is not found.
01/07/2025 05:54:42 PM - Error 1733 in Parser.parsejson() at line 54 - Last Message() Class definition JSONTRANSLATEUNICODE is not found.
01/07/2025 05:54:42 PM - Error 1924 in Parser.parsejson() at line 55 - Last Message() LOUNICODEOBJECT is not an object.
01/07/2025 05:54:42 PM - Error 1737 in Stringify.stringify() at line 29 - Last Message() ADD is a method, event, or object.
01/07/2025 05:54:42 PM - Error 1737 in Stringify.stringify() at line 29 - Last Message() ADDPROPERTY is a method, event, or object.
01/07/2025 05:54:42 PM - Error 1737 in Stringify.stringify() at line 29 - Last Message() DESTROY is a method, event, or object.
01/07/2025 05:54:42 PM - Error 1737 in Stringify.stringify() at line 29 - Last Message() ERROR is a method, event, or object.
01/07/2025 05:54:42 PM - Error 1737 in Stringify.stringify() at line 29 - Last Message() GETKEY is a method, event, or object.
01/07/2025 05:54:42 PM - Error 1737 in Stringify.stringify() at line 29 - Last Message() INIT is a method, event, or object.
01/07/2025 05:54:42 PM - Error 1737 in Stringify.stringify() at line 29 - Last Message() ITEM is a method, event, or object.
01/07/2025 05:54:42 PM - Error 1924 in Stringify.stringify() at line 29 - Last Message() PARENT is not an object.
01/07/2025 05:54:42 PM - Error 1737 in Stringify.stringify() at line 29 - Last Message() READEXPRESSION is a method, event, or object.
01/07/2025 05:54:42 PM - Error 1737 in Stringify.stringify() at line 29 - Last Message() READMETHOD is a method, event, or object.
01/07/2025 05:54:42 PM - Error 1737 in Stringify.stringify() at line 29 - Last Message() REMOVE is a method, event, or object.
01/07/2025 05:54:42 PM - Error 1737 in Stringify.stringify() at line 29 - Last Message() RESETTODEFAULT is a method, event, or object.
01/07/2025 05:54:42 PM - Error 1737 in Stringify.stringify() at line 29 - Last Message() SAVEASCLASS is a method, event, or object.
01/07/2025 05:54:42 PM - Error 1737 in Stringify.stringify() at line 29 - Last Message() WRITEEXPRESSION is a method, event, or object.
01/07/2025 05:54:42 PM - Error 1737 in Stringify.stringify() at line 29 - Last Message() WRITEMETHOD is a method, event, or object.
01/07/2025 05:54:42 PM - Multi-dimensional arrays are not supported
01/07/2025 05:54:42 PM - Multi-dimensional arrays are not supported
01/07/2025 05:54:42 PM - Error 1734 in Parser.parsejson() at line 43 - Last Message() Property RESETERROR is not found.
01/07/2025 05:54:42 PM - Error 12 in Parser.parsejson() at line 53 - Last Message() Variable 'UNICODE' is not found.
01/07/2025 05:54:42 PM - Error 1733 in Parser.parsejson() at line 54 - Last Message() Class definition JSONTRANSLATEUNICODE is not found.
01/07/2025 05:54:42 PM - Error 1924 in Parser.parsejson() at line 55 - Last Message() LOUNICODEOBJECT is not an object.
01/07/2025 05:54:42 PM - Error 1737 in Stringify.stringify() at line 29 - Last Message() ADD is a method, event, or object.
01/07/2025 05:54:42 PM - Error 1737 in Stringify.stringify() at line 29 - Last Message() ADDPROPERTY is a method, event, or object.
01/07/2025 05:54:42 PM - Error 1737 in Stringify.stringify() at line 29 - Last Message() DESTROY is a method, event, or object.
01/07/2025 05:54:42 PM - Error 1737 in Stringify.stringify() at line 29 - Last Message() ERROR is a method, event, or object.
01/07/2025 05:54:42 PM - Error 1737 in Stringify.stringify() at line 29 - Last Message() GETKEY is a method, event, or object.
01/07/2025 05:54:42 PM - Error 1737 in Stringify.stringify() at line 29 - Last Message() INIT is a method, event, or object.
01/07/2025 05:54:42 PM - Error 1737 in Stringify.stringify() at line 29 - Last Message() ITEM is a method, event, or object.
01/07/2025 05:54:42 PM - Error 1924 in Stringify.stringify() at line 29 - Last Message() PARENT is not an object.
01/07/2025 05:54:42 PM - Error 1737 in Stringify.stringify() at line 29 - Last Message() READEXPRESSION is a method, event, or object.
01/07/2025 05:54:42 PM - Error 1737 in Stringify.stringify() at line 29 - Last Message() READMETHOD is a method, event, or object.
01/07/2025 05:54:42 PM - Error 1737 in Stringify.stringify() at line 29 - Last Message() REMOVE is a method, event, or object.
01/07/2025 05:54:42 PM - Error 1737 in Stringify.stringify() at line 29 - Last Message() RESETTODEFAULT is a method, event, or object.
01/07/2025 05:54:42 PM - Error 1737 in Stringify.stringify() at line 29 - Last Message() SAVEASCLASS is a method, event, or object.
01/07/2025 05:54:42 PM - Error 1737 in Stringify.stringify() at line 29 - Last Message() WRITEEXPRESSION is a method, event, or object.
01/07/2025 05:54:42 PM - Error 1737 in Stringify.stringify() at line 29 - Last Message() WRITEMETHOD is a method, event, or object.
01/07/2025 05:54:42 PM - Error 1734 in Parser.parsejson() at line 43 - Last Message() Property RESETERROR is not found.
01/07/2025 05:54:42 PM - Error 12 in Parser.parsejson() at line 53 - Last Message() Variable 'UNICODE' is not found.
01/07/2025 05:54:42 PM - Error 1733 in Parser.parsejson() at line 54 - Last Message() Class definition JSONTRANSLATEUNICODE is not found.
01/07/2025 05:54:42 PM - Error 1924 in Parser.parsejson() at line 55 - Last Message() LOUNICODEOBJECT is not an object.
01/07/2025 05:54:42 PM - Error 1734 in Parser.parsejson() at line 43 - Last Message() Property RESETERROR is not found.
01/07/2025 05:54:42 PM - Error 12 in Parser.parsejson() at line 53 - Last Message() Variable 'UNICODE' is not found.
01/07/2025 05:54:42 PM - Error 1733 in Parser.parsejson() at line 54 - Last Message() Class definition JSONTRANSLATEUNICODE is not found.
01/07/2025 05:54:42 PM - Error 1924 in Parser.parsejson() at line 55 - Last Message() LOUNICODEOBJECT is not an object.
01/07/2025 05:54:42 PM - Error 1734 in Parser.parsejson() at line 43 - Last Message() Property RESETERROR is not found.
01/07/2025 05:54:42 PM - Error 12 in Parser.parsejson() at line 53 - Last Message() Variable 'UNICODE' is not found.
01/07/2025 05:54:42 PM - Error 1733 in Parser.parsejson() at line 54 - Last Message() Class definition JSONTRANSLATEUNICODE is not found.
01/07/2025 05:54:42 PM - Error 1924 in Parser.parsejson() at line 55 - Last Message() LOUNICODEOBJECT is not an object.
01/07/2025 05:54:42 PM - Error 1737 in Stringify.stringify() at line 29 - Last Message() ADD is a method, event, or object.
01/07/2025 05:54:42 PM - Error 1737 in Stringify.stringify() at line 29 - Last Message() ADDPROPERTY is a method, event, or object.
01/07/2025 05:54:42 PM - Error 1737 in Stringify.stringify() at line 29 - Last Message() DESTROY is a method, event, or object.
01/07/2025 05:54:42 PM - Error 1737 in Stringify.stringify() at line 29 - Last Message() ERROR is a method, event, or object.
01/07/2025 05:54:42 PM - Error 1737 in Stringify.stringify() at line 29 - Last Message() GETKEY is a method, event, or object.
01/07/2025 05:54:42 PM - Error 1737 in Stringify.stringify() at line 29 - Last Message() INIT is a method, event, or object.
01/07/2025 05:54:42 PM - Error 1737 in Stringify.stringify() at line 29 - Last Message() ITEM is a method, event, or object.
01/07/2025 05:54:42 PM - Error 1924 in Stringify.stringify() at line 29 - Last Message() PARENT is not an object.
01/07/2025 05:54:42 PM - Error 1737 in Stringify.stringify() at line 29 - Last Message() READEXPRESSION is a method, event, or object.
01/07/2025 05:54:42 PM - Error 1737 in Stringify.stringify() at line 29 - Last Message() READMETHOD is a method, event, or object.
01/07/2025 05:54:42 PM - Error 1737 in Stringify.stringify() at line 29 - Last Message() REMOVE is a method, event, or object.
01/07/2025 05:54:42 PM - Error 1737 in Stringify.stringify() at line 29 - Last Message() RESETTODEFAULT is a method, event, or object.
01/07/2025 05:54:42 PM - Error 1737 in Stringify.stringify() at line 29 - Last Message() SAVEASCLASS is a method, event, or object.
01/07/2025 05:54:42 PM - Error 1737 in Stringify.stringify() at line 29 - Last Message() WRITEEXPRESSION is a method, event, or object.
01/07/2025 05:54:42 PM - Error 1737 in Stringify.stringify() at line 29 - Last Message() WRITEMETHOD is a method, event, or object.
01/09/2025 08:42:22 AM - Error 1734 in Baseclass.serialize() at line 108 - Last Message() 
01/09/2025 09:09:25 AM - Error 1737 in Stringify.stringify() at line 45 - Last Message() 
01/09/2025 09:14:33 AM - Error 1737 in Stringify.stringify() at line 45 - Last Message() 
01/09/2025 09:18:34 AM - Error 11 in  at line 0 - Last Message() 
01/09/2025 09:32:02 AM - Multi-dimensional arrays are not supported
01/09/2025 09:32:02 AM - Multi-dimensional arrays are not supported
01/09/2025 09:34:13 AM - Multi-dimensional arrays are not supported
01/09/2025 09:34:13 AM - Multi-dimensional arrays are not supported
01/09/2025 09:34:36 AM - Multi-dimensional arrays are not supported
01/09/2025 09:34:36 AM - Multi-dimensional arrays are not supported
01/09/2025 09:36:36 AM - Multi-dimensional arrays are not supported
01/09/2025 09:36:36 AM - Multi-dimensional arrays are not supported
01/09/2025 10:02:45 AM - Multi-dimensional arrays are not supported
01/09/2025 10:02:45 AM - Multi-dimensional arrays are not supported
01/09/2025 10:09:39 AM - Multi-dimensional arrays are not supported
01/09/2025 10:09:39 AM - Multi-dimensional arrays are not supported
01/09/2025 10:16:57 AM - Error 10 in ERRORHANDLER at line 23 - Last Message() 
01/09/2025 10:16:58 AM - Error 10 in  at line 0 - Last Message() 
01/09/2025 10:17:59 AM - Multi-dimensional arrays are not supported
01/09/2025 10:17:59 AM - Multi-dimensional arrays are not supported
25/01/09 12:53:49 PM - Multi-dimensional arrays are not supported
25/01/09 12:53:49 PM - Multi-dimensional arrays are not supported
25/01/09 12:58:21 PM - Error 1705 in  at line 0 - Last Message() 
25/01/09 01:03:04 PM - Error 1 in  at line 0 - Last Message() 
25/01/09 01:05:55 PM - Multi-dimensional arrays are not supported
25/01/09 01:05:55 PM - Multi-dimensional arrays are not supported
25/01/09 01:06:08 PM - Multi-dimensional arrays are not supported
25/01/09 01:06:08 PM - Multi-dimensional arrays are not supported
25/01/09 01:08:12 PM - Multi-dimensional arrays are not supported
25/01/09 01:08:12 PM - Multi-dimensional arrays are not supported
25/01/09 01:12:40 PM - Multi-dimensional arrays are not supported
25/01/09 01:12:40 PM - Multi-dimensional arrays are not supported
25/01/09 01:16:05 PM - Error 1923 in JSPARSER_TEST at line 62 - Last Message() 
25/01/09 01:18:17 PM - Error 1923 in JSPARSER_TEST at line 62 - Last Message() 
09/01/25 02:59:38 PM - Error 13 in JSSTRINGIFY_TEST at line 101 - Last Message() 
09/01/25 03:01:38 PM - Expected a '}' at current index 19
09/01/25 03:01:38 PM - Expected a string property name
09/01/25 03:01:38 PM - Expected a string property name
09/01/25 03:16:12 PM - Expected a '}' at current index 19
09/01/25 03:16:12 PM - Expected a string property name
09/01/25 03:16:12 PM - Expected a string property name
09/01/25 03:22:27 PM - Expected a '}' at current index 19
09/01/25 03:22:27 PM - Expected a string property name
09/01/25 03:22:27 PM - Expected a string property name
09/01/25 03:56:58 PM - Expected a '}' at current index 19
09/01/25 03:56:58 PM - Expected a string property name
09/01/25 03:56:58 PM - Expected a string property name
09/01/25 03:57:02 PM - Expected a '}' at current index 19
09/01/25 03:57:02 PM - Expected a string property name
09/01/25 03:57:02 PM - Expected a string property name
09/01/25 04:22:51 PM - Error 11 in Parser.parsedate() at line 300 - Last Message() 
09/01/25 04:25:46 PM - Error 107 in Stringify.stringify() at line 51 - Last Message() 
09/01/25 04:45:02 PM - Error 107 in Stringify.stringify() at line 51 - Last Message() 
09/01/25 04:45:04 PM - Expected a string property name
09/01/25 04:45:04 PM - Expected a string property name
09/01/25 04:49:01 PM - Error 107 in Stringify.stringify() at line 51 - Last Message() 
09/01/25 04:53:55 PM - Error 107 in Stringify.stringify() at line 51 - Last Message() 
09/01/25 05:13:03 PM - Multi-dimensional arrays are not supported
09/01/25 05:13:03 PM - Multi-dimensional arrays are not supported
01/10/2025 07:53:26 AM - Multi-dimensional arrays are not supported
01/10/2025 07:53:26 AM - Multi-dimensional arrays are not supported
01/10/2025 07:56:08 AM - Multi-dimensional arrays are not supported
01/10/2025 07:56:08 AM - Multi-dimensional arrays are not supported
01/10/2025 11:58:00 AM - Error 1234 in Baseclass.TestMethod() at line 56 - Last Message() 
01/10/2025 12:02:09 PM - Error 1234 in Baseclass.TestMethod() at line 56 - Last Message() 
01/10/2025 12:02:10 PM - Error 36 in JSBASES_MESSAGES_TEST at line 34 - Last Message() 
01/10/2025 12:02:14 PM - Error 36 in JSBASES_MESSAGES_TEST at line 35 - Last Message() 
01/10/2025 12:02:14 PM - Error 36 in JSBASES_MESSAGES_TEST at line 36 - Last Message() 
01/10/2025 12:02:15 PM - Error 36 in JSBASES_MESSAGES_TEST at line 37 - Last Message() 
01/10/2025 12:12:43 PM - Error 5 in jsCustom.Test() at line 56 - Last Message() 
01/10/2025 12:13:28 PM - Error 5 in jsCustom.Test() at line 56 - Last Message() 
01/10/2025 12:15:06 PM - Error 1234 in jsCustom.TestMethod() at line 56 - Last Message() 
01/10/2025 12:15:07 PM - Error 36 in JSBASES_MESSAGES_TEST at line 37 - Last Message() 
01/10/2025 12:15:08 PM - Error 36 in JSBASES_MESSAGES_TEST at line 38 - Last Message() 
01/10/2025 12:15:08 PM - Error 36 in JSBASES_MESSAGES_TEST at line 39 - Last Message() 
01/10/2025 12:15:08 PM - Error 36 in JSBASES_MESSAGES_TEST at line 40 - Last Message() 
01/10/2025 12:15:09 PM - Error 36 in JSBASES_MESSAGES_TEST at line 47 - Last Message() 
01/10/2025 12:15:09 PM - Error 36 in JSBASES_MESSAGES_TEST at line 52 - Last Message() 
01/10/2025 12:15:09 PM - Error 36 in JSBASES_MESSAGES_TEST at line 60 - Last Message() 
01/10/2025 12:15:10 PM - Error 36 in JSBASES_MESSAGES_TEST at line 61 - Last Message() 
01/10/2025 12:15:11 PM - Error 36 in JSBASES_MESSAGES_TEST at line 62 - Last Message() 
01/10/2025 12:15:12 PM - Error 36 in JSBASES_MESSAGES_TEST at line 63 - Last Message() 
01/10/2025 12:15:12 PM - Error 36 in JSBASES_MESSAGES_TEST at line 64 - Last Message() 
01/10/2025 12:15:13 PM - Error 1925 in JSBASES_MESSAGES_TEST at line 71 - Last Message() 
01/10/2025 12:15:14 PM - Error 36 in JSBASES_MESSAGES_TEST at line 72 - Last Message() 
01/10/2025 12:15:14 PM - Error 36 in JSBASES_MESSAGES_TEST at line 73 - Last Message() 
01/10/2025 12:16:31 PM - Error 1234 in jsCustom.TestMethod() at line 56 - Last Message() 
01/10/2025 12:16:31 PM - Error 1300 in JSBASES_MESSAGES_TEST at line 48 - Last Message() 
01/10/2025 12:16:31 PM - Error 12 in JSBASES_MESSAGES_TEST at line 49 - Last Message() 
01/10/2025 12:16:31 PM - Error 36 in JSBASES_MESSAGES_TEST at line 60 - Last Message() 
01/10/2025 12:16:31 PM - Error 1925 in JSBASES_MESSAGES_TEST at line 71 - Last Message() 
01/10/2025 12:16:31 PM - Error 12 in JSBASES_MESSAGES_TEST at line 72 - Last Message() 
01/11/2025 05:07:23 PM - Expected a '}' at current index 19
01/11/2025 05:07:23 PM - Expected a string property name
01/11/2025 05:07:23 PM - Expected a string property name
01/11/2025 05:07:34 PM - Error 12 in JSTEST_PARSER_SCRIPTS at line 17 - Last Message() 
01/11/2025 05:07:35 PM - Error 12 in JSTEST_PARSER_SCRIPTS at line 19 - Last Message() 
01/11/2025 05:07:36 PM - Error 13 in JSTEST_PARSER_SCRIPTS at line 20 - Last Message() 
01/11/2025 05:07:36 PM - Error 12 in JSTEST_PARSER_SCRIPTS at line 25 - Last Message() 
01/11/2025 05:13:52 PM - Expected a '}' at current index 19
01/11/2025 05:13:52 PM - Expected a string property name
01/11/2025 05:13:52 PM - Expected a string property name
01/11/2025 05:13:56 PM - Error 12 in JSTEST_PARSER_SCRIPTS at line 17 - Last Message() 
01/11/2025 05:13:57 PM - Error 12 in JSTEST_PARSER_SCRIPTS at line 19 - Last Message() 
01/11/2025 05:13:58 PM - Error 13 in JSTEST_PARSER_SCRIPTS at line 20 - Last Message() 
01/11/2025 05:13:59 PM - Error 16 in JSTEST_PARSER_SCRIPTS at line 26 - Last Message() 
01/11/2025 05:14:45 PM - Expected a '}' at current index 19
01/11/2025 05:14:45 PM - Expected a string property name
01/11/2025 05:14:45 PM - Expected a string property name
01/11/2025 05:14:47 PM - Error 12 in JSTEST_PARSER_SCRIPTS at line 17 - Last Message() 
01/11/2025 05:14:48 PM - Error 12 in JSTEST_PARSER_SCRIPTS at line 19 - Last Message() 
01/11/2025 05:14:49 PM - Error 13 in JSTEST_PARSER_SCRIPTS at line 20 - Last Message() 
01/11/2025 05:15:13 PM - Error 0 in JSTEST_PARSER_SCRIPTS at line 27 - Last Message() 
01/11/2025 05:15:54 PM - Expected a '}' at current index 19
01/11/2025 05:15:54 PM - Expected a string property name
01/11/2025 05:15:54 PM - Expected a string property name
01/11/2025 05:15:57 PM - Error 12 in JSTEST_PARSER_SCRIPTS at line 17 - Last Message() 
01/11/2025 05:15:57 PM - Error 12 in JSTEST_PARSER_SCRIPTS at line 19 - Last Message() 
01/11/2025 05:15:58 PM - Error 13 in JSTEST_PARSER_SCRIPTS at line 20 - Last Message() 
01/11/2025 05:16:13 PM - Error 12 in JSTEST_PARSER_SCRIPTS at line 27 - Last Message() 
01/11/2025 05:17:57 PM - Expected a '}' at current index 19
01/11/2025 05:17:57 PM - Expected a string property name
01/11/2025 05:17:57 PM - Expected a string property name
01/11/2025 05:18:05 PM - Error 1923 in JSTEST_PARSER_SCRIPTS at line 17 - Last Message() 
01/11/2025 05:18:06 PM - Error 12 in JSTEST_PARSER_SCRIPTS at line 19 - Last Message() 
01/11/2025 05:18:07 PM - Error 13 in JSTEST_PARSER_SCRIPTS at line 20 - Last Message() 
01/11/2025 05:18:35 PM - Expected a '}' at current index 19
01/11/2025 05:18:35 PM - Expected a string property name
01/11/2025 05:18:35 PM - Expected a string property name
01/11/2025 05:18:47 PM - Error 1923 in JSTEST_PARSER_SCRIPTS at line 17 - Last Message() 
01/11/2025 05:18:48 PM - Error 12 in JSTEST_PARSER_SCRIPTS at line 19 - Last Message() 
01/11/2025 05:18:49 PM - Error 13 in JSTEST_PARSER_SCRIPTS at line 20 - Last Message() 
01/11/2025 05:19:51 PM - Expected a '}' at current index 19
01/11/2025 05:19:51 PM - Expected a string property name
01/11/2025 05:19:51 PM - Expected a string property name
01/11/2025 05:20:09 PM - Error 1923 in JSTEST_PARSER_SCRIPTS at line 17 - Last Message() 
01/11/2025 05:20:10 PM - Error 13 in JSTEST_PARSER_SCRIPTS at line 20 - Last Message() 
01/11/2025 05:30:08 PM - Expected a '}' at current index 19
01/11/2025 05:30:08 PM - Expected a string property name
01/11/2025 05:30:08 PM - Expected a string property name
01/11/2025 06:11:44 PM - Expected a '}' at current index 19
01/11/2025 06:11:44 PM - Expected a string property name
01/11/2025 06:11:44 PM - Expected a string property name
01/11/2025 06:11:51 PM - Expected a '}' at current index 19
01/11/2025 06:11:51 PM - Expected a string property name
01/11/2025 06:11:51 PM - Expected a string property name
01/11/2025 06:12:00 PM - Expected a '}' at current index 19
01/11/2025 06:12:00 PM - Expected a string property name
01/11/2025 06:12:00 PM - Expected a string property name
01/11/2025 07:15:54 PM - Expected a '}' at current index 19
01/11/2025 07:15:54 PM - Expected a string property name
01/11/2025 07:15:54 PM - Expected a string property name
01/11/2025 07:23:48 PM - Error 1981 in  at line 0 - Last Message() 
01/11/2025 07:29:41 PM - Expected a '}' at current index 19
01/11/2025 07:29:41 PM - Expected a string property name
01/11/2025 07:29:41 PM - Expected a string property name
01/11/2025 07:29:51 PM - Expected a '}' at current index 19
01/11/2025 07:29:51 PM - Expected a string property name
01/11/2025 07:29:51 PM - Expected a string property name
01/11/2025 07:30:40 PM - Expected a '}' at current index 19
01/11/2025 07:30:40 PM - Expected a string property name
01/11/2025 07:30:40 PM - Expected a string property name
01/11/2025 07:32:07 PM - Expected a '}' at current index 19
01/11/2025 07:32:07 PM - Expected a string property name
01/11/2025 07:32:07 PM - Expected a string property name
01/11/2025 07:33:04 PM - Expected a '}' at current index 19
01/11/2025 07:33:04 PM - Expected a string property name
01/11/2025 07:33:04 PM - Expected a string property name
01/11/2025 07:34:58 PM - Expected a '}' at current index 19
01/11/2025 07:34:58 PM - Expected a string property name
01/11/2025 07:34:58 PM - Expected a string property name
01/11/2025 07:35:14 PM - Error 12 in JSTEST_PARSER_SCRIPTS at line 27 - Last Message() 
01/11/2025 07:37:11 PM - Expected a '}' at current index 19
01/11/2025 07:37:11 PM - Expected a string property name
01/11/2025 07:37:11 PM - Expected a string property name
01/11/2025 07:37:39 PM - Error 1734 in JSTEST_PARSER_SCRIPTS at line 27 - Last Message() 
01/11/2025 07:38:37 PM - Expected a '}' at current index 19
01/11/2025 07:38:37 PM - Expected a string property name
01/11/2025 07:38:37 PM - Expected a string property name
01/11/2025 07:44:04 PM - Expected a '}' at current index 19
01/11/2025 07:44:04 PM - Expected a string property name
01/11/2025 07:44:04 PM - Expected a string property name
01/11/2025 07:44:21 PM - Error 1734 in JSTEST_PARSER_SCRIPTS at line 27 - Last Message() 
01/11/2025 07:47:46 PM - Expected a '}' at current index 19
01/11/2025 07:47:46 PM - Expected a string property name
01/11/2025 07:47:46 PM - Expected a string property name
01/11/2025 07:48:54 PM - Error 1734 in JSTEST_PARSER_SCRIPTS at line 27 - Last Message() 
01/11/2025 07:52:21 PM - Expected a '}' at current index 19
01/11/2025 07:52:21 PM - Expected a string property name
01/11/2025 07:52:21 PM - Expected a string property name
01/11/2025 07:52:32 PM - Error 1734 in JSTEST_PARSER_SCRIPTS at line 28 - Last Message() 
01/11/2025 07:52:42 PM - Expected a '}' at current index 19
01/11/2025 07:52:42 PM - Expected a string property name
01/11/2025 07:52:42 PM - Expected a string property name
01/11/2025 07:54:21 PM - Expected a '}' at current index 19
01/11/2025 07:54:21 PM - Expected a string property name
01/11/2025 07:54:21 PM - Expected a string property name
01/11/2025 07:54:30 PM - Error 1734 in JSTEST_PARSER_SCRIPTS at line 28 - Last Message() 
01/11/2025 07:54:36 PM - Expected a '}' at current index 19
01/11/2025 07:54:36 PM - Expected a string property name
01/11/2025 07:54:36 PM - Expected a string property name
01/11/2025 07:54:51 PM - Error 1734 in jsCustom.dumptokenstofile() at line 178 - Last Message() 
01/11/2025 07:57:09 PM - Error 12 in Parser.parsejson() at line 20 - Last Message() 
01/11/2025 07:57:16 PM - Error 12 in Parser.parsejson() at line 21 - Last Message() 
01/11/2025 07:58:20 PM - Error 12 in Tokenizer.isstring() at line 101 - Last Message() 
01/11/2025 07:59:57 PM - Error 12 in Tokenizer.isstring() at line 101 - Last Message() 
01/11/2025 08:01:58 PM - Error 12 in Tokenizer.isstring() at line 125 - Last Message() 
01/11/2025 08:06:43 PM - Error 1470 in Parser.parseobject() at line 157 - Last Message() 
01/11/2025 08:07:14 PM - Error 1470 in Parser.parseobject() at line 157 - Last Message() 
01/11/2025 08:07:15 PM - Error 1470 in Parser.parseobject() at line 157 - Last Message() 
01/11/2025 08:07:44 PM - Error 1470 in Parser.parseobject() at line 157 - Last Message() 
01/11/2025 08:07:45 PM - Error 1470 in Parser.parseobject() at line 157 - Last Message() 
01/11/2025 08:07:46 PM - Error 1470 in Parser.parseobject() at line 157 - Last Message() 
01/11/2025 08:13:14 PM - Error 1470 in Parser.parseobject() at line 157 - Last Message() 
01/11/2025 08:13:14 PM - Error 1470 in Parser.parseobject() at line 157 - Last Message() 
01/11/2025 08:13:15 PM - Error 1470 in Parser.parseobject() at line 157 - Last Message() 
01/11/2025 08:13:19 PM - Error 1470 in Parser.parseobject() at line 157 - Last Message() 
01/11/2025 08:13:19 PM - Error 1470 in Parser.parseobject() at line 157 - Last Message() 
01/11/2025 08:13:20 PM - Error 1470 in Parser.parseobject() at line 157 - Last Message() 
01/11/2025 08:13:21 PM - Error 1734 in Parser.dumptokenstofile() at line 379 - Last Message() 
01/11/2025 08:13:21 PM - Error 1924 in Parser.dumptokenstofile() at line 384 - Last Message() 
01/11/2025 08:13:22 PM - Error 1924 in Parser.dumptokenstofile() at line 385 - Last Message() 
01/11/2025 08:13:22 PM - Error 107 in Parser.dumptokenstofile() at line 386 - Last Message() 
01/11/2025 08:13:22 PM - Error 107 in Parser.dumptokenstofile() at line 391 - Last Message() 
01/11/2025 08:13:23 PM - Error 96 in Parser.dumptokenstofile() at line 392 - Last Message() 
01/11/2025 08:14:24 PM - Error 1470 in Parser.parseobject() at line 157 - Last Message() 
01/11/2025 08:14:41 PM - Error 1470 in Parser.parseobject() at line 157 - Last Message() 
01/11/2025 08:14:52 PM - Error 1470 in Parser.parseobject() at line 157 - Last Message() 
01/11/2025 08:15:03 PM - Error 1470 in Parser.parseobject() at line 157 - Last Message() 
01/11/2025 08:15:34 PM - Error 1470 in Parser.parseobject() at line 157 - Last Message() 
01/11/2025 08:15:43 PM - Error 1470 in Parser.parseobject() at line 157 - Last Message() 
01/11/2025 08:16:17 PM - Error 1734 in Parser.dumptokenstofile() at line 379 - Last Message() 
01/11/2025 08:16:54 PM - Error 1924 in Parser.dumptokenstofile() at line 384 - Last Message() 
01/11/2025 08:20:45 PM - Error 1470 in Parser.parseobject() at line 157 - Last Message() 
01/11/2025 08:20:47 PM - Error 1470 in Parser.parseobject() at line 157 - Last Message() 
01/11/2025 08:20:49 PM - Error 1470 in Parser.parseobject() at line 157 - Last Message() 
01/11/2025 08:20:52 PM - Error 1734 in Parser.dumptokenstofile() at line 378 - Last Message() 
01/11/2025 08:20:53 PM - Error 1734 in Parser.dumptokenstofile() at line 379 - Last Message() 
01/11/2025 08:20:54 PM - Error 1734 in Parser.dumptokenstofile() at line 384 - Last Message() 
01/11/2025 08:20:54 PM - Error 1734 in Parser.dumptokenstofile() at line 385 - Last Message() 
01/11/2025 08:20:55 PM - Error 107 in Parser.dumptokenstofile() at line 386 - Last Message() 
01/11/2025 08:20:56 PM - Error 107 in Parser.dumptokenstofile() at line 391 - Last Message() 
01/11/2025 08:20:56 PM - Error 96 in Parser.dumptokenstofile() at line 392 - Last Message() 
01/11/2025 08:21:54 PM - Error 1470 in Parser.parseobject() at line 157 - Last Message() 
01/11/2025 08:21:58 PM - Error 1470 in Parser.parseobject() at line 157 - Last Message() 
01/11/2025 08:22:03 PM - Error 1470 in Parser.parseobject() at line 157 - Last Message() 
01/11/2025 08:22:09 PM - Error 1734 in Parser.dumptokenstofile() at line 378 - Last Message() 
01/11/2025 08:25:58 PM - Error 1470 in Parser.parseobject() at line 157 - Last Message() 
01/11/2025 08:25:59 PM - Error 1470 in Parser.parseobject() at line 157 - Last Message() 
01/11/2025 08:25:59 PM - Error 1470 in Parser.parseobject() at line 157 - Last Message() 
01/11/2025 08:26:00 PM - Error 1734 in Parser.dumptokenstofile() at line 378 - Last Message() 
01/11/2025 08:26:01 PM - Error 1734 in Parser.dumptokenstofile() at line 387 - Last Message() 
01/11/2025 08:26:01 PM - Error 1734 in Parser.dumptokenstofile() at line 388 - Last Message() 
01/11/2025 08:26:02 PM - Error 107 in Parser.dumptokenstofile() at line 389 - Last Message() 
01/11/2025 08:26:02 PM - Error 107 in Parser.dumptokenstofile() at line 394 - Last Message() 
01/11/2025 08:26:02 PM - Error 96 in Parser.dumptokenstofile() at line 395 - Last Message() 
01/11/2025 08:32:39 PM - Error 1470 in Parser.parseobject() at line 157 - Last Message() 
01/11/2025 08:47:17 PM - Error 152 in JSTEST_PARSER_SCRIPTS at line 42 - Last Message() 
01/11/2025 09:04:58 PM - Error 1 in JSTEST_TOKENIZER at line 22 - Last Message() 
01/11/2025 09:33:24 PM - Error 107 in Tokenizer.dumptokenstofile() at line 244 - Last Message() 
01/11/2025 09:38:53 PM - Expected a '}' at current index 36
01/11/2025 09:38:53 PM - Expected a '}' at current index 73
01/11/2025 09:38:53 PM - Expected a '}' at current index 110
01/11/2025 09:38:53 PM - Expected a '}' at current index 147
01/11/2025 09:38:53 PM - Expected a '}' at current index 184
01/11/2025 09:38:53 PM - Expected a '}' at current index 276
01/11/2025 09:38:53 PM - Expected a '}' at current index 340
01/11/2025 09:38:53 PM - Expected a '}' at current index 340
01/11/2025 09:39:11 PM - Error 11 in Stringify.stringify() at line 33 - Last Message() 
01/11/2025 09:44:23 PM - Expected a '}' at current index 36
01/11/2025 09:44:23 PM - Expected a '}' at current index 73
01/11/2025 09:44:23 PM - Expected a '}' at current index 110
01/11/2025 09:44:23 PM - Expected a '}' at current index 147
01/11/2025 09:44:23 PM - Expected a '}' at current index 184
01/11/2025 09:44:23 PM - Expected a '}' at current index 276
01/11/2025 09:44:23 PM - Expected a '}' at current index 340
01/11/2025 09:44:23 PM - Expected a '}' at current index 340
01/11/2025 09:48:01 PM - Expected a '}' at current index 36
01/11/2025 09:48:01 PM - Expected a '}' at current index 73
01/11/2025 09:48:01 PM - Expected a '}' at current index 110
01/11/2025 09:48:01 PM - Expected a '}' at current index 147
01/11/2025 09:48:01 PM - Expected a '}' at current index 184
01/11/2025 09:48:01 PM - Expected a '}' at current index 276
01/11/2025 09:48:01 PM - Expected a '}' at current index 340
01/11/2025 09:48:01 PM - Expected a '}' at current index 340
01/11/2025 09:48:01 PM - Multi-dimensional arrays are not supported
01/11/2025 09:48:01 PM - Multi-dimensional arrays are not supported
01/11/2025 09:48:01 PM - Expected a '}' at current index 36
01/11/2025 09:48:01 PM - Expected a '}' at current index 73
01/11/2025 09:48:01 PM - Expected a '}' at current index 110
01/11/2025 09:48:01 PM - Expected a '}' at current index 147
01/11/2025 09:48:01 PM - Expected a '}' at current index 184
01/11/2025 09:48:01 PM - Expected a '}' at current index 276
01/11/2025 09:48:01 PM - Expected a '}' at current index 340
01/11/2025 09:48:01 PM - Expected a '}' at current index 340
01/11/2025 10:06:30 PM - Expected a '}' at current index 36
01/11/2025 10:06:30 PM - Expected a '}' at current index 73
01/11/2025 10:06:30 PM - Expected a '}' at current index 110
01/11/2025 10:06:30 PM - Expected a '}' at current index 147
01/11/2025 10:06:30 PM - Expected a '}' at current index 184
01/11/2025 10:06:30 PM - Expected a '}' at current index 276
01/11/2025 10:06:30 PM - Expected a '}' at current index 340
01/11/2025 10:06:30 PM - Expected a '}' at current index 340
01/11/2025 10:06:30 PM - Expected a '}' at current index 36
01/11/2025 10:06:30 PM - Expected a '}' at current index 73
01/11/2025 10:06:30 PM - Expected a '}' at current index 110
01/11/2025 10:06:30 PM - Expected a '}' at current index 147
01/11/2025 10:06:30 PM - Expected a '}' at current index 184
01/11/2025 10:06:30 PM - Expected a '}' at current index 276
01/11/2025 10:06:30 PM - Expected a '}' at current index 340
01/11/2025 10:06:30 PM - Expected a '}' at current index 340
01/11/2025 10:06:30 PM - Multi-dimensional arrays are not supported
01/11/2025 10:06:30 PM - Multi-dimensional arrays are not supported
01/11/2025 10:06:30 PM - Expected a '}' at current index 36
01/11/2025 10:06:30 PM - Expected a '}' at current index 73
01/11/2025 10:06:30 PM - Expected a '}' at current index 110
01/11/2025 10:06:30 PM - Expected a '}' at current index 147
01/11/2025 10:06:30 PM - Expected a '}' at current index 184
01/11/2025 10:06:30 PM - Expected a '}' at current index 276
01/11/2025 10:06:30 PM - Expected a '}' at current index 340
01/11/2025 10:06:30 PM - Expected a '}' at current index 340
01/11/2025 10:07:14 PM - Expected a '}' at current index 36
01/11/2025 10:07:14 PM - Expected a '}' at current index 73
01/11/2025 10:07:14 PM - Expected a '}' at current index 110
01/11/2025 10:07:14 PM - Expected a '}' at current index 147
01/11/2025 10:07:14 PM - Expected a '}' at current index 184
01/11/2025 10:07:14 PM - Expected a '}' at current index 276
01/11/2025 10:07:14 PM - Expected a '}' at current index 340
01/11/2025 10:07:14 PM - Expected a '}' at current index 340
01/11/2025 10:07:14 PM - Multi-dimensional arrays are not supported
01/11/2025 10:07:14 PM - Multi-dimensional arrays are not supported
01/11/2025 10:07:14 PM - Expected a '}' at current index 36
01/11/2025 10:07:14 PM - Expected a '}' at current index 73
01/11/2025 10:07:14 PM - Expected a '}' at current index 110
01/11/2025 10:07:14 PM - Expected a '}' at current index 147
01/11/2025 10:07:14 PM - Expected a '}' at current index 184
01/11/2025 10:07:14 PM - Expected a '}' at current index 276
01/11/2025 10:07:14 PM - Expected a '}' at current index 340
01/11/2025 10:07:14 PM - Expected a '}' at current index 340
01/11/2025 10:07:53 PM - Expected a '}' at current index 36
01/11/2025 10:07:53 PM - Expected a '}' at current index 73
01/11/2025 10:07:53 PM - Expected a '}' at current index 110
01/11/2025 10:07:53 PM - Expected a '}' at current index 147
01/11/2025 10:07:53 PM - Expected a '}' at current index 184
01/11/2025 10:07:53 PM - Expected a '}' at current index 276
01/11/2025 10:07:53 PM - Expected a '}' at current index 340
01/11/2025 10:07:53 PM - Expected a '}' at current index 340
01/11/2025 10:07:53 PM - Multi-dimensional arrays are not supported
01/11/2025 10:07:53 PM - Multi-dimensional arrays are not supported
01/11/2025 10:07:53 PM - Expected a '}' at current index 36
01/11/2025 10:07:53 PM - Expected a '}' at current index 73
01/11/2025 10:07:53 PM - Expected a '}' at current index 110
01/11/2025 10:07:53 PM - Expected a '}' at current index 147
01/11/2025 10:07:53 PM - Expected a '}' at current index 184
01/11/2025 10:07:53 PM - Expected a '}' at current index 276
01/11/2025 10:07:53 PM - Expected a '}' at current index 340
01/11/2025 10:07:53 PM - Expected a '}' at current index 340
01/11/2025 10:08:33 PM - Expected a '}' at current index 36
01/11/2025 10:08:33 PM - Expected a '}' at current index 73
01/11/2025 10:08:33 PM - Expected a '}' at current index 110
01/11/2025 10:08:33 PM - Expected a '}' at current index 147
01/11/2025 10:08:33 PM - Expected a '}' at current index 184
01/11/2025 10:08:33 PM - Expected a '}' at current index 276
01/11/2025 10:08:33 PM - Expected a '}' at current index 340
01/11/2025 10:08:33 PM - Expected a '}' at current index 340
01/11/2025 10:08:33 PM - Multi-dimensional arrays are not supported
01/11/2025 10:08:33 PM - Multi-dimensional arrays are not supported
01/11/2025 10:08:33 PM - Expected a '}' at current index 36
01/11/2025 10:08:33 PM - Expected a '}' at current index 73
01/11/2025 10:08:33 PM - Expected a '}' at current index 110
01/11/2025 10:08:33 PM - Expected a '}' at current index 147
01/11/2025 10:08:33 PM - Expected a '}' at current index 184
01/11/2025 10:08:33 PM - Expected a '}' at current index 276
01/11/2025 10:08:33 PM - Expected a '}' at current index 340
01/11/2025 10:08:33 PM - Expected a '}' at current index 340
01/11/2025 10:20:10 PM - Multi-dimensional arrays are not supported
01/11/2025 10:20:10 PM - Multi-dimensional arrays are not supported
01/11/2025 10:28:03 PM - Error 1705 in JSTEST_PARSER at line 9 - Last Message() 
01/11/2025 10:28:47 PM - Error 1001 in jsCustom.TestMethod() at line 10 - Last Message() 
01/11/2025 10:30:12 PM - Error 0 in TEST_JSCUSTOM at line 25 - Last Message() 
01/11/2025 10:30:13 PM - Error 3003 in jsCollection.TestMethod() at line 20 - Last Message() 
01/11/2025 10:30:14 PM - Error 1734 in TEST_JSCOLLECTION at line 51 - Last Message() 
01/11/2025 10:32:03 PM - Error 1001 in jsCustom.TestMethod() at line 10 - Last Message() 
01/11/2025 10:32:43 PM - Error 3003 in jsCollection.TestMethod() at line 20 - Last Message() 
01/11/2025 10:34:33 PM - Error 1001 in jsCustom.TestMethod() at line 10 - Last Message() 
01/11/2025 10:34:33 PM - Error 3003 in jsCollection.TestMethod() at line 20 - Last Message() 
01/11/2025 10:38:01 PM - Multi-dimensional arrays are not supported
01/11/2025 10:38:01 PM - Multi-dimensional arrays are not supported